<?xml version="1.0" encoding="UTF-8"?>
<testsuite xmlns:xsi="http://www.w3.org/2001/XMLSchema-instance" xsi:noNamespaceSchemaLocation="https://maven.apache.org/surefire/maven-surefire-plugin/xsd/surefire-test-report.xsd" name="conduitApp.ConduitTest" time="0.346" tests="1" errors="1" skipped="0" failures="0">
  <properties>
[...]
</properties>
  <testcase name="testAll" classname="conduitApp.ConduitTest" time="0.345">
    <error type="java.lang.ExceptionInInitializerError">java.lang.ExceptionInInitializerError
Caused by: java.lang.NullPointerException: Cannot invoke "javax.script.ScriptEngine.createBindings()" because "com.intuit.karate.ScriptBindings.NASHORN" is null
</error>
  </testcase>
</testsuite>